0 verbose cli C:\Program Files\nodejs\node.exe C:\Users\notai\AppData\Roaming\npm\node_modules\npm\bin\npm-cli.js
1 info using npm@11.1.0
2 info using node@v22.14.0
3 silly config load:file:C:\Users\notai\AppData\Roaming\npm\node_modules\npm\npmrc
4 silly config load:file:G:\notai\VSCodeProjects\jagabans-rewards-app-zbaymg\.npmrc
5 silly config load:file:C:\Users\notai\.npmrc
6 silly config load:file:C:\Users\notai\AppData\Roaming\npm\etc\npmrc
7 verbose title npm list
8 verbose argv "list" "--json"
9 verbose logfile logs-max:10 dir:G:\notai\VSCodeProjects\jagabans-rewards-app-zbaymg\notai\packages\npm\_logs\2025-11-13T19_35_21_619Z-
10 verbose logfile G:\notai\VSCodeProjects\jagabans-rewards-app-zbaymg\notai\packages\npm\_logs\2025-11-13T19_35_21_619Z-debug-0.log
11 silly logfile done cleaning log files
12 silly packumentCache heap:4345298944 maxSize:1086324736 maxEntrySize:543162368
13 verbose stack Error: missing: @babel/core@^7.20.0, required by Natively@1.0.0
13 verbose stack missing: @babel/plugin-proposal-export-namespace-from@^7.18.9, required by Natively@1.0.0
13 verbose stack missing: @babel/runtime@^7.26.9, required by Natively@1.0.0
13 verbose stack missing: @bacons/apple-targets@^3.0.2, required by Natively@1.0.0
13 verbose stack missing: @eslint/js@^9.19.0, required by Natively@1.0.0
13 verbose stack missing: @expo/metro-runtime@~6.1.1, required by Natively@1.0.0
13 verbose stack missing: @expo/ngrok@^4.1.3, required by Natively@1.0.0
13 verbose stack missing: @expo/vector-icons@^15.0.2, required by Natively@1.0.0
13 verbose stack missing: @react-native-async-storage/async-storage@^2.2.0, required by Natively@1.0.0
13 verbose stack missing: @react-native-community/datetimepicker@^8.3.0, required by Natively@1.0.0
13 verbose stack missing: @react-navigation/drawer@^7.1.1, required by Natively@1.0.0
13 verbose stack missing: @react-navigation/native-stack@^7.2.0, required by Natively@1.0.0
13 verbose stack missing: @react-navigation/native@^7.0.14, required by Natively@1.0.0
13 verbose stack missing: @supabase/supabase-js@^2.80.0, required by Natively@1.0.0
13 verbose stack missing: @types/difflib@^0.2.7, required by Natively@1.0.0
13 verbose stack missing: @types/react@~19.1.12, required by Natively@1.0.0
13 verbose stack missing: @typescript-eslint/eslint-plugin@^6.21.0, required by Natively@1.0.0
13 verbose stack missing: @typescript-eslint/parser@^6.21.0, required by Natively@1.0.0
13 verbose stack missing: babel-plugin-module-resolver@^5.0.2, required by Natively@1.0.0
13 verbose stack missing: difflib@^0.2.4, required by Natively@1.0.0
13 verbose stack missing: eas@^0.1.0, required by Natively@1.0.0
13 verbose stack missing: eslint-config-expo@~10.0.0, required by Natively@1.0.0
13 verbose stack missing: eslint-plugin-import@^2.31.0, required by Natively@1.0.0
13 verbose stack missing: eslint-plugin-react@^7.37.4, required by Natively@1.0.0
13 verbose stack missing: eslint@^8.57.0, required by Natively@1.0.0
13 verbose stack missing: expo-blur@^15.0.6, required by Natively@1.0.0
13 verbose stack missing: expo-constants@~18.0.8, required by Natively@1.0.0
13 verbose stack missing: expo-font@^14.0.7, required by Natively@1.0.0
13 verbose stack missing: expo-glass-effect@^0.1.1, required by Natively@1.0.0
13 verbose stack missing: expo-haptics@^15.0.6, required by Natively@1.0.0
13 verbose stack missing: expo-image-picker@^17.0.7, required by Natively@1.0.0
13 verbose stack missing: expo-linear-gradient@^15.0.6, required by Natively@1.0.0
13 verbose stack missing: expo-linking@^8.0.7, required by Natively@1.0.0
13 verbose stack missing: expo-network@^8.0.7, required by Natively@1.0.0
13 verbose stack missing: expo-router@^6.0.0, required by Natively@1.0.0
13 verbose stack missing: expo-splash-screen@^31.0.8, required by Natively@1.0.0
13 verbose stack missing: expo-status-bar@~3.0.7, required by Natively@1.0.0
13 verbose stack missing: expo-symbols@^1.0.6, required by Natively@1.0.0
13 verbose stack missing: expo-system-ui@^6.0.7, required by Natively@1.0.0
13 verbose stack missing: expo-web-browser@^15.0.6, required by Natively@1.0.0
13 verbose stack missing: expo@~54.0.1, required by Natively@1.0.0
13 verbose stack missing: globals@^15.14.0, required by Natively@1.0.0
13 verbose stack missing: react-dom@19.1.0, required by Natively@1.0.0
13 verbose stack missing: react-native-css-interop@^0.1.22, required by Natively@1.0.0
13 verbose stack missing: react-native-edge-to-edge@^1.7.0, required by Natively@1.0.0
13 verbose stack missing: react-native-gesture-handler@^2.24.0, required by Natively@1.0.0
13 verbose stack missing: react-native-maps@^1.20.1, required by Natively@1.0.0
13 verbose stack missing: react-native-reanimated@~4.1.0, required by Natively@1.0.0
13 verbose stack missing: react-native-safe-area-context@^5.4.0, required by Natively@1.0.0
13 verbose stack missing: react-native-screens@~4.16.0, required by Natively@1.0.0
13 verbose stack missing: react-native-url-polyfill@^2.0.0, required by Natively@1.0.0
13 verbose stack missing: react-native-web@~0.21.1, required by Natively@1.0.0
13 verbose stack missing: react-native-webview@^13.15.0, required by Natively@1.0.0
13 verbose stack missing: react-native-worklets@0.5.1, required by Natively@1.0.0
13 verbose stack missing: react-native@0.81.4, required by Natively@1.0.0
13 verbose stack missing: react-router-dom@^7.1.3, required by Natively@1.0.0
13 verbose stack missing: react@19.1.0, required by Natively@1.0.0
13 verbose stack missing: typescript@^5.8.3, required by Natively@1.0.0
13 verbose stack missing: webpack-cli@^6.0.1, required by Natively@1.0.0
13 verbose stack missing: workbox-cli@^7.3.0, required by Natively@1.0.0
13 verbose stack missing: workbox-precaching@^7.3.0, required by Natively@1.0.0
13 verbose stack missing: workbox-webpack-plugin@^7.3.0, required by Natively@1.0.0
13 verbose stack     at LS.exec (C:\Users\notai\AppData\Roaming\npm\node_modules\npm\lib\commands\ls.js:206:9)
13 verbose stack     at async Npm.exec (C:\Users\notai\AppData\Roaming\npm\node_modules\npm\lib\npm.js:207:9)
13 verbose stack     at async module.exports (C:\Users\notai\AppData\Roaming\npm\node_modules\npm\lib\cli\entry.js:67:5)
14 error code ELSPROBLEMS
15 error missing: @babel/core@^7.20.0, required by Natively@1.0.0
15 error missing: @babel/plugin-proposal-export-namespace-from@^7.18.9, required by Natively@1.0.0
15 error missing: @babel/runtime@^7.26.9, required by Natively@1.0.0
15 error missing: @bacons/apple-targets@^3.0.2, required by Natively@1.0.0
15 error missing: @eslint/js@^9.19.0, required by Natively@1.0.0
15 error missing: @expo/metro-runtime@~6.1.1, required by Natively@1.0.0
15 error missing: @expo/ngrok@^4.1.3, required by Natively@1.0.0
15 error missing: @expo/vector-icons@^15.0.2, required by Natively@1.0.0
15 error missing: @react-native-async-storage/async-storage@^2.2.0, required by Natively@1.0.0
15 error missing: @react-native-community/datetimepicker@^8.3.0, required by Natively@1.0.0
15 error missing: @react-navigation/drawer@^7.1.1, required by Natively@1.0.0
15 error missing: @react-navigation/native-stack@^7.2.0, required by Natively@1.0.0
15 error missing: @react-navigation/native@^7.0.14, required by Natively@1.0.0
15 error missing: @supabase/supabase-js@^2.80.0, required by Natively@1.0.0
15 error missing: @types/difflib@^0.2.7, required by Natively@1.0.0
15 error missing: @types/react@~19.1.12, required by Natively@1.0.0
15 error missing: @typescript-eslint/eslint-plugin@^6.21.0, required by Natively@1.0.0
15 error missing: @typescript-eslint/parser@^6.21.0, required by Natively@1.0.0
15 error missing: babel-plugin-module-resolver@^5.0.2, required by Natively@1.0.0
15 error missing: difflib@^0.2.4, required by Natively@1.0.0
15 error missing: eas@^0.1.0, required by Natively@1.0.0
15 error missing: eslint-config-expo@~10.0.0, required by Natively@1.0.0
15 error missing: eslint-plugin-import@^2.31.0, required by Natively@1.0.0
15 error missing: eslint-plugin-react@^7.37.4, required by Natively@1.0.0
15 error missing: eslint@^8.57.0, required by Natively@1.0.0
15 error missing: expo-blur@^15.0.6, required by Natively@1.0.0
15 error missing: expo-constants@~18.0.8, required by Natively@1.0.0
15 error missing: expo-font@^14.0.7, required by Natively@1.0.0
15 error missing: expo-glass-effect@^0.1.1, required by Natively@1.0.0
15 error missing: expo-haptics@^15.0.6, required by Natively@1.0.0
15 error missing: expo-image-picker@^17.0.7, required by Natively@1.0.0
15 error missing: expo-linear-gradient@^15.0.6, required by Natively@1.0.0
15 error missing: expo-linking@^8.0.7, required by Natively@1.0.0
15 error missing: expo-network@^8.0.7, required by Natively@1.0.0
15 error missing: expo-router@^6.0.0, required by Natively@1.0.0
15 error missing: expo-splash-screen@^31.0.8, required by Natively@1.0.0
15 error missing: expo-status-bar@~3.0.7, required by Natively@1.0.0
15 error missing: expo-symbols@^1.0.6, required by Natively@1.0.0
15 error missing: expo-system-ui@^6.0.7, required by Natively@1.0.0
15 error missing: expo-web-browser@^15.0.6, required by Natively@1.0.0
15 error missing: expo@~54.0.1, required by Natively@1.0.0
15 error missing: globals@^15.14.0, required by Natively@1.0.0
15 error missing: react-dom@19.1.0, required by Natively@1.0.0
15 error missing: react-native-css-interop@^0.1.22, required by Natively@1.0.0
15 error missing: react-native-edge-to-edge@^1.7.0, required by Natively@1.0.0
15 error missing: react-native-gesture-handler@^2.24.0, required by Natively@1.0.0
15 error missing: react-native-maps@^1.20.1, required by Natively@1.0.0
15 error missing: react-native-reanimated@~4.1.0, required by Natively@1.0.0
15 error missing: react-native-safe-area-context@^5.4.0, required by Natively@1.0.0
15 error missing: react-native-screens@~4.16.0, required by Natively@1.0.0
15 error missing: react-native-url-polyfill@^2.0.0, required by Natively@1.0.0
15 error missing: react-native-web@~0.21.1, required by Natively@1.0.0
15 error missing: react-native-webview@^13.15.0, required by Natively@1.0.0
15 error missing: react-native-worklets@0.5.1, required by Natively@1.0.0
15 error missing: react-native@0.81.4, required by Natively@1.0.0
15 error missing: react-router-dom@^7.1.3, required by Natively@1.0.0
15 error missing: react@19.1.0, required by Natively@1.0.0
15 error missing: typescript@^5.8.3, required by Natively@1.0.0
15 error missing: webpack-cli@^6.0.1, required by Natively@1.0.0
15 error missing: workbox-cli@^7.3.0, required by Natively@1.0.0
15 error missing: workbox-precaching@^7.3.0, required by Natively@1.0.0
15 error missing: workbox-webpack-plugin@^7.3.0, required by Natively@1.0.0
16 verbose cwd G:\notai\VSCodeProjects\jagabans-rewards-app-zbaymg
17 verbose os Windows_NT 10.0.22631
18 verbose node v22.14.0
19 verbose npm  v11.1.0
20 verbose exit 1
21 verbose code 1
22 error A complete log of this run can be found in: G:\notai\VSCodeProjects\jagabans-rewards-app-zbaymg\notai\packages\npm\_logs\2025-11-13T19_35_21_619Z-debug-0.log
