0 verbose cli C:\Program Files\nodejs\node.exe C:\Users\notai\AppData\Roaming\npm\node_modules\npm\bin\npm-cli.js
1 info using npm@11.1.0
2 info using node@v22.14.0
3 silly config load:file:C:\Users\notai\AppData\Roaming\npm\node_modules\npm\npmrc
4 silly config load:file:g:\notai\VSCodeProjects\jagabans-rewards-app-zbaymg\.npmrc
5 silly config load:file:C:\Users\notai\.npmrc
6 silly config load:file:C:\Users\notai\AppData\Roaming\npm\etc\npmrc
7 verbose title npm outdated
8 verbose argv "outdated" "--json"
9 verbose logfile logs-max:10 dir:G:\notai\VSCodeProjects\jagabans-rewards-app-zbaymg\notai\packages\npm\_logs\2025-11-15T04_34_09_796Z-
10 verbose logfile G:\notai\VSCodeProjects\jagabans-rewards-app-zbaymg\notai\packages\npm\_logs\2025-11-15T04_34_09_796Z-debug-0.log
11 silly logfile start cleaning logs, removing 1 files
12 silly packumentCache heap:4345298944 maxSize:1086324736 maxEntrySize:543162368
13 silly logfile done cleaning log files
14 http fetch GET https://registry.npmjs.org/expo-font attempt 1 failed with ERR_SSL_SSLV3_ALERT_ILLEGAL_PARAMETER
15 http fetch GET https://registry.npmjs.org/@react-navigation%2fdrawer attempt 1 failed with ERR_SSL_SSLV3_ALERT_BAD_RECORD_MAC
16 http fetch GET 200 https://registry.npmjs.org/@expo%2fmetro-runtime 1927ms (cache revalidated)
17 http fetch GET 200 https://registry.npmjs.org/@supabase%2fsupabase-js 1941ms (cache revalidated)
18 http fetch GET 200 https://registry.npmjs.org/expo-image-picker 1961ms (cache revalidated)
19 http fetch GET 200 https://registry.npmjs.org/@expo%2fvector-icons 1998ms (cache revalidated)
20 http fetch GET 200 https://registry.npmjs.org/expo 2097ms (cache revalidated)
21 http fetch GET 200 https://registry.npmjs.org/@react-native-community%2fdatetimepicker 2144ms (cache revalidated)
22 http fetch GET 200 https://registry.npmjs.org/expo-constants 2181ms (cache revalidated)
23 http fetch GET 200 https://registry.npmjs.org/expo-linear-gradient 2217ms (cache revalidated)
24 http fetch GET 200 https://registry.npmjs.org/expo-linking 2226ms (cache revalidated)
25 http fetch GET 200 https://registry.npmjs.org/expo-blur 2239ms (cache revalidated)
26 http fetch GET 200 https://registry.npmjs.org/expo-splash-screen 2342ms (cache revalidated)
27 http fetch GET 200 https://registry.npmjs.org/expo-router 2352ms (cache revalidated)
28 http fetch GET 200 https://registry.npmjs.org/expo-status-bar 2386ms (cache revalidated)
29 http fetch GET 200 https://registry.npmjs.org/expo-system-ui 2474ms (cache revalidated)
30 http fetch GET 200 https://registry.npmjs.org/expo-symbols 2483ms (cache revalidated)
31 http fetch GET 200 https://registry.npmjs.org/@react-navigation%2fnative-stack 2548ms (cache revalidated)
32 http fetch GET 200 https://registry.npmjs.org/expo-glass-effect 2598ms (cache revalidated)
33 http fetch GET 200 https://registry.npmjs.org/react-native-css-interop 2581ms (cache revalidated)
34 http fetch GET 200 https://registry.npmjs.org/expo-web-browser 2596ms (cache revalidated)
35 http fetch GET 200 https://registry.npmjs.org/eas 2622ms (cache revalidated)
36 http fetch GET 200 https://registry.npmjs.org/react-native-safe-area-context 2697ms (cache revalidated)
37 http fetch GET 200 https://registry.npmjs.org/expo-network 2727ms (cache revalidated)
38 http fetch GET 200 https://registry.npmjs.org/expo-haptics 2735ms (cache revalidated)
39 http fetch GET 200 https://registry.npmjs.org/react-native-webview 2835ms (cache revalidated)
40 http fetch GET 200 https://registry.npmjs.org/react-native-maps 2884ms (cache revalidated)
41 http fetch GET 200 https://registry.npmjs.org/difflib 2969ms (cache revalidated)
42 http fetch GET 200 https://registry.npmjs.org/react-native-web 2936ms (cache revalidated)
43 http fetch GET 200 https://registry.npmjs.org/react-native-edge-to-edge 3015ms (cache revalidated)
44 http fetch GET 200 https://registry.npmjs.org/react-native-screens 3018ms (cache updated)
45 http fetch GET 200 https://registry.npmjs.org/@types%2fdifflib 3192ms (cache revalidated)
46 http fetch GET 200 https://registry.npmjs.org/workbox-precaching 3147ms (cache revalidated)
47 http fetch GET 200 https://registry.npmjs.org/@babel%2fcore 3202ms (cache revalidated)
48 http fetch GET 200 https://registry.npmjs.org/react-native-worklets 3345ms (cache updated)
49 http fetch GET 200 https://registry.npmjs.org/babel-plugin-module-resolver 3342ms (cache revalidated)
50 http fetch GET 200 https://registry.npmjs.org/react-native-url-polyfill 3366ms (cache revalidated)
51 http fetch GET 200 https://registry.npmjs.org/workbox-webpack-plugin 3361ms (cache revalidated)
52 http fetch GET 200 https://registry.npmjs.org/react-native-gesture-handler 3388ms (cache revalidated)
53 http fetch GET 200 https://registry.npmjs.org/@eslint%2fjs 3438ms (cache updated)
54 http fetch GET 200 https://registry.npmjs.org/@stripe%2fstripe-react-native 3499ms (cache revalidated)
55 http fetch GET 200 https://registry.npmjs.org/react-router-dom 3463ms (cache updated)
56 http fetch GET 200 https://registry.npmjs.org/workbox-cli 3541ms (cache revalidated)
57 http fetch GET 200 https://registry.npmjs.org/eslint-plugin-react 3530ms (cache revalidated)
58 http fetch GET 200 https://registry.npmjs.org/globals 3543ms (cache revalidated)
59 http fetch GET 200 https://registry.npmjs.org/@types%2freact 3607ms (cache updated)
60 http fetch GET 200 https://registry.npmjs.org/@bacons%2fapple-targets 3767ms (cache revalidated)
61 http fetch GET 200 https://registry.npmjs.org/@react-native-async-storage%2fasync-storage 3768ms (cache revalidated)
62 http fetch GET 200 https://registry.npmjs.org/@babel%2fruntime 3792ms (cache revalidated)
63 http fetch GET 200 https://registry.npmjs.org/@typescript-eslint%2fparser 4039ms (cache revalidated)
64 http fetch GET 200 https://registry.npmjs.org/@typescript-eslint%2feslint-plugin 4424ms (cache revalidated)
65 http fetch GET 200 https://registry.npmjs.org/webpack-cli 4631ms (cache revalidated)
66 http fetch GET 200 https://registry.npmjs.org/@babel%2fplugin-proposal-export-namespace-from 4743ms (cache revalidated)
67 http fetch GET 200 https://registry.npmjs.org/@react-navigation%2fnative 4733ms (cache revalidated)
68 http fetch GET 200 https://registry.npmjs.org/eslint-plugin-import 4676ms (cache revalidated)
69 http fetch GET 200 https://registry.npmjs.org/react-dom 4725ms (cache updated)
70 http fetch GET 200 https://registry.npmjs.org/eslint-config-expo 4724ms (cache revalidated)
71 http fetch GET 200 https://registry.npmjs.org/@expo%2fngrok 4838ms (cache revalidated)
72 http fetch GET 200 https://registry.npmjs.org/react-native-reanimated 4839ms (cache updated)
73 http fetch GET 200 https://registry.npmjs.org/eslint 4890ms (cache updated)
74 http fetch GET 200 https://registry.npmjs.org/react 5066ms (cache updated)
75 http fetch GET 200 https://registry.npmjs.org/react-native 5292ms (cache updated)
76 http fetch GET 200 https://registry.npmjs.org/typescript 5555ms (cache updated)
77 http fetch GET https://registry.npmjs.org/expo-font attempt 2 failed with ERR_SSL_SSLV3_ALERT_BAD_RECORD_MAC
78 http fetch GET 200 https://registry.npmjs.org/@react-navigation%2fdrawer 13209ms (cache revalidated)
79 http fetch GET 200 https://registry.npmjs.org/expo-font 72625ms (cache revalidated)
80 verbose cwd g:\notai\VSCodeProjects\jagabans-rewards-app-zbaymg
81 verbose os Windows_NT 10.0.22631
82 verbose node v22.14.0
83 verbose npm  v11.1.0
84 verbose exit 1
85 verbose code 1
