0 verbose cli C:\Program Files\nodejs\node.exe C:\Users\notai\AppData\Roaming\npm\node_modules\npm\bin\npm-cli.js
1 info using npm@11.1.0
2 info using node@v22.14.0
3 silly config load:file:C:\Users\notai\AppData\Roaming\npm\node_modules\npm\npmrc
4 silly config load:file:g:\notai\VSCodeProjects\jagabans-rewards-app-zbaymg\.npmrc
5 silly config load:file:C:\Users\notai\.npmrc
6 silly config load:file:C:\Users\notai\AppData\Roaming\npm\etc\npmrc
7 verbose title npm outdated
8 verbose argv "outdated" "--json"
9 verbose logfile logs-max:10 dir:G:\notai\VSCodeProjects\jagabans-rewards-app-zbaymg\notai\packages\npm\_logs\2025-11-13T19_35_20_110Z-
10 verbose logfile G:\notai\VSCodeProjects\jagabans-rewards-app-zbaymg\notai\packages\npm\_logs\2025-11-13T19_35_20_110Z-debug-0.log
11 silly logfile done cleaning log files
12 silly packumentCache heap:4345298944 maxSize:1086324736 maxEntrySize:543162368
13 http fetch GET 200 https://registry.npmjs.org/eas 1565ms (cache miss)
14 http fetch GET 200 https://registry.npmjs.org/@expo%2fngrok 1594ms (cache miss)
15 http fetch GET 200 https://registry.npmjs.org/@expo%2fvector-icons 1756ms (cache miss)
16 http fetch GET 200 https://registry.npmjs.org/@expo%2fmetro-runtime 1808ms (cache miss)
17 http fetch GET 200 https://registry.npmjs.org/@babel%2fplugin-proposal-export-namespace-from 1864ms (cache miss)
18 http fetch GET 200 https://registry.npmjs.org/expo-glass-effect 1911ms (cache miss)
19 http fetch GET 200 https://registry.npmjs.org/@react-native-async-storage%2fasync-storage 1965ms (cache miss)
20 http fetch GET 200 https://registry.npmjs.org/difflib 2030ms (cache miss)
21 http fetch GET 200 https://registry.npmjs.org/expo-network 2190ms (cache miss)
22 http fetch GET 200 https://registry.npmjs.org/expo-linking 2194ms (cache miss)
23 http fetch GET 200 https://registry.npmjs.org/react-native-edge-to-edge 2310ms (cache miss)
24 http fetch GET 200 https://registry.npmjs.org/expo-symbols 2328ms (cache miss)
25 http fetch GET 200 https://registry.npmjs.org/expo-blur 2365ms (cache miss)
26 http fetch GET 200 https://registry.npmjs.org/expo-status-bar 2384ms (cache miss)
27 http fetch GET 200 https://registry.npmjs.org/expo-image-picker 2404ms (cache miss)
28 http fetch GET 200 https://registry.npmjs.org/react-native-url-polyfill 2407ms (cache miss)
29 http fetch GET 200 https://registry.npmjs.org/@babel%2fruntime 2450ms (cache miss)
30 http fetch GET 200 https://registry.npmjs.org/expo-haptics 2435ms (cache miss)
31 http fetch GET 200 https://registry.npmjs.org/expo-system-ui 2446ms (cache miss)
32 http fetch GET 200 https://registry.npmjs.org/expo-font 2478ms (cache miss)
33 http fetch GET 200 https://registry.npmjs.org/expo-linear-gradient 2491ms (cache miss)
34 http fetch GET 200 https://registry.npmjs.org/@react-native-community%2fdatetimepicker 2558ms (cache miss)
35 http fetch GET 200 https://registry.npmjs.org/expo-splash-screen 2597ms (cache miss)
36 http fetch GET 200 https://registry.npmjs.org/react-native-css-interop 2625ms (cache miss)
37 http fetch GET 200 https://registry.npmjs.org/@react-navigation%2fnative-stack 2663ms (cache miss)
38 http fetch GET 200 https://registry.npmjs.org/react-native-gesture-handler 2742ms (cache miss)
39 http fetch GET 200 https://registry.npmjs.org/workbox-precaching 2814ms (cache miss)
40 http fetch GET 200 https://registry.npmjs.org/workbox-cli 2824ms (cache miss)
41 http fetch GET 200 https://registry.npmjs.org/expo-constants 2872ms (cache miss)
42 http fetch GET 200 https://registry.npmjs.org/@react-navigation%2fdrawer 2896ms (cache miss)
43 http fetch GET 200 https://registry.npmjs.org/@types%2fdifflib 2915ms (cache miss)
44 http fetch GET 200 https://registry.npmjs.org/@react-navigation%2fnative 2923ms (cache miss)
45 http fetch GET 200 https://registry.npmjs.org/react-native-safe-area-context 2912ms (cache miss)
46 http fetch GET 200 https://registry.npmjs.org/@bacons%2fapple-targets 2963ms (cache miss)
47 http fetch GET 200 https://registry.npmjs.org/expo-web-browser 2950ms (cache miss)
48 http fetch GET 200 https://registry.npmjs.org/workbox-webpack-plugin 2950ms (cache miss)
49 http fetch GET 200 https://registry.npmjs.org/expo-router 2979ms (cache miss)
50 http fetch GET 200 https://registry.npmjs.org/react-native-worklets 3036ms (cache miss)
51 http fetch GET 200 https://registry.npmjs.org/@supabase%2fsupabase-js 3094ms (cache miss)
52 http fetch GET 200 https://registry.npmjs.org/react-native-web 3119ms (cache miss)
53 http fetch GET 200 https://registry.npmjs.org/react-native-webview 3152ms (cache miss)
54 http fetch GET 200 https://registry.npmjs.org/react-native-maps 3246ms (cache miss)
55 http fetch GET 200 https://registry.npmjs.org/react-router-dom 3265ms (cache miss)
56 http fetch GET 200 https://registry.npmjs.org/react-native-screens 3318ms (cache miss)
57 http fetch GET 200 https://registry.npmjs.org/expo 3416ms (cache miss)
58 http fetch GET 200 https://registry.npmjs.org/react-dom 3625ms (cache miss)
59 http fetch GET 200 https://registry.npmjs.org/react 3723ms (cache miss)
60 http fetch GET 200 https://registry.npmjs.org/react-native-reanimated 3799ms (cache miss)
61 http fetch GET 200 https://registry.npmjs.org/react-native 4073ms (cache miss)
62 verbose cwd g:\notai\VSCodeProjects\jagabans-rewards-app-zbaymg
63 verbose os Windows_NT 10.0.22631
64 verbose node v22.14.0
65 verbose npm  v11.1.0
66 verbose exit 1
67 verbose code 1
